2021-04-07T17:43:54.526Z - error: [state-manager][_update] - Error processing metrics at ./src/stateManager/v6/state-manager.js:368:32
2021-04-07T17:43:54.527Z - error: [state-manager][_get] - Error getting metrics at ./src/stateManager/v6/state-manager.js:167:36
2021-04-07T17:43:54.528Z - error: [guarantees][processScopedGuarantee] - Error processing timedScopes metrics for guarantee: COVERAGE_DELTA_VARIATION_HIGHER_EQUAL_ZERO at ./src/stateManager/v6/guarantee-calculator.js:304:24
2021-04-07T17:43:54.528Z - error: [guarantees][processGuarantee] - Error processing scoped guarantee for: COVERAGE_DELTA_VARIATION_HIGHER_EQUAL_ZERO at ./src/stateManager/v6/guarantee-calculator.js:168:20
2021-04-07T17:43:54.529Z - error: [state-manager][_update] - Error processing guarantees at ./src/stateManager/v6/state-manager.js:333:32
2021-04-07T17:43:54.529Z - error: [state-manager][_get] - Error getting metrics at ./src/stateManager/v6/state-manager.js:167:36
2021-04-07T17:43:54.529Z - error: [promise][_processSequentialPromises] - Error processing sequential promises in controllers at ./src/utils/promise.js:196:20
Error trace: 
	{"code":500,"message":"[state-manager][_get] - Error getting metrics at ./src/stateManager/v6/state-manager.js:167:36","root":{"code":500,"message":"[state-manager][_update] - Error processing guarantees at ./src/stateManager/v6/state-manager.js:333:32","root":{"code":500,"message":"[guarantees][processGuarantee] - Error processing scoped guarantee for: COVERAGE_DELTA_VARIATION_HIGHER_EQUAL_ZERO at ./src/stateManager/v6/guarantee-calculator.js:168:20","root":{"code":500,"message":"[guarantees][processScopedGuarantee] - Error processing timedScopes metrics for guarantee: COVERAGE_DELTA_VARIATION_HIGHER_EQUAL_ZERO at ./src/stateManager/v6/guarantee-calculator.js:304:24","root":{"code":500,"message":"[state-manager][_get] - Error getting metrics at ./src/stateManager/v6/state-manager.js:167:36","root":{"code":500,"message":"[state-manager][_update] - Error processing metrics at ./src/stateManager/v6/state-manager.js:368:32","root":"Metric VALUE_CC_COVERAGE not found."}}}}}}
2021-04-07T17:44:14.640Z - error: [state-manager][_update] - Error processing metrics at ./src/stateManager/v6/state-manager.js:368:32
2021-04-07T17:44:14.641Z - error: [state-manager][_get] - Error getting metrics at ./src/stateManager/v6/state-manager.js:167:36
2021-04-07T17:44:14.642Z - error: [guarantees][processScopedGuarantee] - Error processing timedScopes metrics for guarantee: COVERAGE_DELTA_VARIATION_HIGHER_EQUAL_ZERO at ./src/stateManager/v6/guarantee-calculator.js:304:24
2021-04-07T17:44:14.642Z - error: [guarantees][processGuarantee] - Error processing scoped guarantee for: COVERAGE_DELTA_VARIATION_HIGHER_EQUAL_ZERO at ./src/stateManager/v6/guarantee-calculator.js:168:20
2021-04-07T17:44:14.643Z - error: [state-manager][_update] - Error processing guarantees at ./src/stateManager/v6/state-manager.js:333:32
2021-04-07T17:44:14.643Z - error: [state-manager][_get] - Error getting metrics at ./src/stateManager/v6/state-manager.js:167:36
2021-04-07T17:44:14.644Z - error: [promise][_processSequentialPromises] - Error processing sequential promises in controllers at ./src/utils/promise.js:196:20
Error trace: 
	{"code":500,"message":"[state-manager][_get] - Error getting metrics at ./src/stateManager/v6/state-manager.js:167:36","root":{"code":500,"message":"[state-manager][_update] - Error processing guarantees at ./src/stateManager/v6/state-manager.js:333:32","root":{"code":500,"message":"[guarantees][processGuarantee] - Error processing scoped guarantee for: COVERAGE_DELTA_VARIATION_HIGHER_EQUAL_ZERO at ./src/stateManager/v6/guarantee-calculator.js:168:20","root":{"code":500,"message":"[guarantees][processScopedGuarantee] - Error processing timedScopes metrics for guarantee: COVERAGE_DELTA_VARIATION_HIGHER_EQUAL_ZERO at ./src/stateManager/v6/guarantee-calculator.js:304:24","root":{"code":500,"message":"[state-manager][_get] - Error getting metrics at ./src/stateManager/v6/state-manager.js:167:36","root":{"code":500,"message":"[state-manager][_update] - Error processing metrics at ./src/stateManager/v6/state-manager.js:368:32","root":"Metric VALUE_CC_COVERAGE not found."}}}}}}
2021-04-07T17:45:14.751Z - error: [state-manager][_update] - Error processing metrics at ./src/stateManager/v6/state-manager.js:368:32
2021-04-07T17:45:14.751Z - error: [state-manager][_get] - Error getting metrics at ./src/stateManager/v6/state-manager.js:167:36
2021-04-07T17:45:14.751Z - error: [guarantees][processScopedGuarantee] - Error processing timedScopes metrics for guarantee: COVERAGE_DELTA_VARIATION_HIGHER_EQUAL_ZERO at ./src/stateManager/v6/guarantee-calculator.js:304:24
2021-04-07T17:45:14.752Z - error: [guarantees][processGuarantee] - Error processing scoped guarantee for: COVERAGE_DELTA_VARIATION_HIGHER_EQUAL_ZERO at ./src/stateManager/v6/guarantee-calculator.js:168:20
2021-04-07T17:45:14.752Z - error: [state-manager][_update] - Error processing guarantees at ./src/stateManager/v6/state-manager.js:333:32
2021-04-07T17:45:14.752Z - error: [state-manager][_get] - Error getting metrics at ./src/stateManager/v6/state-manager.js:167:36
2021-04-07T17:45:14.753Z - error: [promise][_processSequentialPromises] - Error processing sequential promises in controllers at ./src/utils/promise.js:196:20
Error trace: 
	{"code":500,"message":"[state-manager][_get] - Error getting metrics at ./src/stateManager/v6/state-manager.js:167:36","root":{"code":500,"message":"[state-manager][_update] - Error processing guarantees at ./src/stateManager/v6/state-manager.js:333:32","root":{"code":500,"message":"[guarantees][processGuarantee] - Error processing scoped guarantee for: COVERAGE_DELTA_VARIATION_HIGHER_EQUAL_ZERO at ./src/stateManager/v6/guarantee-calculator.js:168:20","root":{"code":500,"message":"[guarantees][processScopedGuarantee] - Error processing timedScopes metrics for guarantee: COVERAGE_DELTA_VARIATION_HIGHER_EQUAL_ZERO at ./src/stateManager/v6/guarantee-calculator.js:304:24","root":{"code":500,"message":"[state-manager][_get] - Error getting metrics at ./src/stateManager/v6/state-manager.js:167:36","root":{"code":500,"message":"[state-manager][_update] - Error processing metrics at ./src/stateManager/v6/state-manager.js:368:32","root":"Metric VALUE_CC_COVERAGE not found."}}}}}}
2021-04-07T17:46:34.877Z - error: [state-manager][_update] - Error processing metrics at ./src/stateManager/v6/state-manager.js:368:32
2021-04-07T17:46:34.878Z - error: [state-manager][_get] - Error getting metrics at ./src/stateManager/v6/state-manager.js:167:36
2021-04-07T17:46:34.878Z - error: [guarantees][processScopedGuarantee] - Error processing timedScopes metrics for guarantee: COVERAGE_DELTA_VARIATION_HIGHER_EQUAL_ZERO at ./src/stateManager/v6/guarantee-calculator.js:304:24
2021-04-07T17:46:34.878Z - error: [guarantees][processGuarantee] - Error processing scoped guarantee for: COVERAGE_DELTA_VARIATION_HIGHER_EQUAL_ZERO at ./src/stateManager/v6/guarantee-calculator.js:168:20
2021-04-07T17:46:34.879Z - error: [state-manager][_update] - Error processing guarantees at ./src/stateManager/v6/state-manager.js:333:32
2021-04-07T17:46:34.879Z - error: [state-manager][_get] - Error getting metrics at ./src/stateManager/v6/state-manager.js:167:36
2021-04-07T17:46:34.879Z - error: [promise][_processSequentialPromises] - Error processing sequential promises in controllers at ./src/utils/promise.js:196:20
Error trace: 
	{"code":500,"message":"[state-manager][_get] - Error getting metrics at ./src/stateManager/v6/state-manager.js:167:36","root":{"code":500,"message":"[state-manager][_update] - Error processing guarantees at ./src/stateManager/v6/state-manager.js:333:32","root":{"code":500,"message":"[guarantees][processGuarantee] - Error processing scoped guarantee for: COVERAGE_DELTA_VARIATION_HIGHER_EQUAL_ZERO at ./src/stateManager/v6/guarantee-calculator.js:168:20","root":{"code":500,"message":"[guarantees][processScopedGuarantee] - Error processing timedScopes metrics for guarantee: COVERAGE_DELTA_VARIATION_HIGHER_EQUAL_ZERO at ./src/stateManager/v6/guarantee-calculator.js:304:24","root":{"code":500,"message":"[state-manager][_get] - Error getting metrics at ./src/stateManager/v6/state-manager.js:167:36","root":{"code":500,"message":"[state-manager][_update] - Error processing metrics at ./src/stateManager/v6/state-manager.js:368:32","root":"Metric VALUE_CC_COVERAGE not found."}}}}}}
2021-04-07T17:48:15.040Z - error: [state-manager][_update] - Error processing metrics at ./src/stateManager/v6/state-manager.js:368:32
2021-04-07T17:48:15.041Z - error: [state-manager][_get] - Error getting metrics at ./src/stateManager/v6/state-manager.js:167:36
2021-04-07T17:48:15.041Z - error: [guarantees][processScopedGuarantee] - Error processing timedScopes metrics for guarantee: COVERAGE_DELTA_VARIATION_HIGHER_EQUAL_ZERO at ./src/stateManager/v6/guarantee-calculator.js:304:24
2021-04-07T17:48:15.042Z - error: [guarantees][processGuarantee] - Error processing scoped guarantee for: COVERAGE_DELTA_VARIATION_HIGHER_EQUAL_ZERO at ./src/stateManager/v6/guarantee-calculator.js:168:20
2021-04-07T17:48:15.042Z - error: [state-manager][_update] - Error processing guarantees at ./src/stateManager/v6/state-manager.js:333:32
2021-04-07T17:48:15.043Z - error: [state-manager][_get] - Error getting metrics at ./src/stateManager/v6/state-manager.js:167:36
2021-04-07T17:48:15.045Z - error: [promise][_processSequentialPromises] - Error processing sequential promises in controllers at ./src/utils/promise.js:196:20
Error trace: 
	{"code":500,"message":"[state-manager][_get] - Error getting metrics at ./src/stateManager/v6/state-manager.js:167:36","root":{"code":500,"message":"[state-manager][_update] - Error processing guarantees at ./src/stateManager/v6/state-manager.js:333:32","root":{"code":500,"message":"[guarantees][processGuarantee] - Error processing scoped guarantee for: COVERAGE_DELTA_VARIATION_HIGHER_EQUAL_ZERO at ./src/stateManager/v6/guarantee-calculator.js:168:20","root":{"code":500,"message":"[guarantees][processScopedGuarantee] - Error processing timedScopes metrics for guarantee: COVERAGE_DELTA_VARIATION_HIGHER_EQUAL_ZERO at ./src/stateManager/v6/guarantee-calculator.js:304:24","root":{"code":500,"message":"[state-manager][_get] - Error getting metrics at ./src/stateManager/v6/state-manager.js:167:36","root":{"code":500,"message":"[state-manager][_update] - Error processing metrics at ./src/stateManager/v6/state-manager.js:368:32","root":"Metric VALUE_CC_COVERAGE not found."}}}}}}
2021-04-07T17:50:15.125Z - error: [state-manager][_update] - Error processing metrics at ./src/stateManager/v6/state-manager.js:368:32
2021-04-07T17:50:15.125Z - error: [state-manager][_get] - Error getting metrics at ./src/stateManager/v6/state-manager.js:167:36
2021-04-07T17:50:15.126Z - error: [guarantees][processScopedGuarantee] - Error processing timedScopes metrics for guarantee: COVERAGE_DELTA_VARIATION_HIGHER_EQUAL_ZERO at ./src/stateManager/v6/guarantee-calculator.js:304:24
2021-04-07T17:50:15.126Z - error: [guarantees][processGuarantee] - Error processing scoped guarantee for: COVERAGE_DELTA_VARIATION_HIGHER_EQUAL_ZERO at ./src/stateManager/v6/guarantee-calculator.js:168:20
2021-04-07T17:50:15.126Z - error: [state-manager][_update] - Error processing guarantees at ./src/stateManager/v6/state-manager.js:333:32
2021-04-07T17:50:15.126Z - error: [state-manager][_get] - Error getting metrics at ./src/stateManager/v6/state-manager.js:167:36
2021-04-07T17:50:15.127Z - error: [promise][_processSequentialPromises] - Error processing sequential promises in controllers at ./src/utils/promise.js:196:20
Error trace: 
	{"code":500,"message":"[state-manager][_get] - Error getting metrics at ./src/stateManager/v6/state-manager.js:167:36","root":{"code":500,"message":"[state-manager][_update] - Error processing guarantees at ./src/stateManager/v6/state-manager.js:333:32","root":{"code":500,"message":"[guarantees][processGuarantee] - Error processing scoped guarantee for: COVERAGE_DELTA_VARIATION_HIGHER_EQUAL_ZERO at ./src/stateManager/v6/guarantee-calculator.js:168:20","root":{"code":500,"message":"[guarantees][processScopedGuarantee] - Error processing timedScopes metrics for guarantee: COVERAGE_DELTA_VARIATION_HIGHER_EQUAL_ZERO at ./src/stateManager/v6/guarantee-calculator.js:304:24","root":{"code":500,"message":"[state-manager][_get] - Error getting metrics at ./src/stateManager/v6/state-manager.js:167:36","root":{"code":500,"message":"[state-manager][_update] - Error processing metrics at ./src/stateManager/v6/state-manager.js:368:32","root":"Metric VALUE_CC_COVERAGE not found."}}}}}}
2021-04-07T17:52:35.228Z - error: [state-manager][_update] - Error processing metrics at ./src/stateManager/v6/state-manager.js:368:32
2021-04-07T17:52:35.229Z - error: [state-manager][_get] - Error getting metrics at ./src/stateManager/v6/state-manager.js:167:36
2021-04-07T17:52:35.229Z - error: [guarantees][processScopedGuarantee] - Error processing timedScopes metrics for guarantee: COVERAGE_DELTA_VARIATION_HIGHER_EQUAL_ZERO at ./src/stateManager/v6/guarantee-calculator.js:304:24
2021-04-07T17:52:35.230Z - error: [guarantees][processGuarantee] - Error processing scoped guarantee for: COVERAGE_DELTA_VARIATION_HIGHER_EQUAL_ZERO at ./src/stateManager/v6/guarantee-calculator.js:168:20
2021-04-07T17:52:35.230Z - error: [state-manager][_update] - Error processing guarantees at ./src/stateManager/v6/state-manager.js:333:32
2021-04-07T17:52:35.231Z - error: [state-manager][_get] - Error getting metrics at ./src/stateManager/v6/state-manager.js:167:36
2021-04-07T17:52:35.231Z - error: [promise][_processSequentialPromises] - Error processing sequential promises in controllers at ./src/utils/promise.js:196:20
Error trace: 
	{"code":500,"message":"[state-manager][_get] - Error getting metrics at ./src/stateManager/v6/state-manager.js:167:36","root":{"code":500,"message":"[state-manager][_update] - Error processing guarantees at ./src/stateManager/v6/state-manager.js:333:32","root":{"code":500,"message":"[guarantees][processGuarantee] - Error processing scoped guarantee for: COVERAGE_DELTA_VARIATION_HIGHER_EQUAL_ZERO at ./src/stateManager/v6/guarantee-calculator.js:168:20","root":{"code":500,"message":"[guarantees][processScopedGuarantee] - Error processing timedScopes metrics for guarantee: COVERAGE_DELTA_VARIATION_HIGHER_EQUAL_ZERO at ./src/stateManager/v6/guarantee-calculator.js:304:24","root":{"code":500,"message":"[state-manager][_get] - Error getting metrics at ./src/stateManager/v6/state-manager.js:167:36","root":{"code":500,"message":"[state-manager][_update] - Error processing metrics at ./src/stateManager/v6/state-manager.js:368:32","root":"Metric VALUE_CC_COVERAGE not found."}}}}}}
2021-04-07T17:55:15.332Z - error: [state-manager][_update] - Error processing metrics at ./src/stateManager/v6/state-manager.js:368:32
2021-04-07T17:55:15.333Z - error: [state-manager][_get] - Error getting metrics at ./src/stateManager/v6/state-manager.js:167:36
2021-04-07T17:55:15.333Z - error: [guarantees][processScopedGuarantee] - Error processing timedScopes metrics for guarantee: COVERAGE_DELTA_VARIATION_HIGHER_EQUAL_ZERO at ./src/stateManager/v6/guarantee-calculator.js:304:24
2021-04-07T17:55:15.333Z - error: [guarantees][processGuarantee] - Error processing scoped guarantee for: COVERAGE_DELTA_VARIATION_HIGHER_EQUAL_ZERO at ./src/stateManager/v6/guarantee-calculator.js:168:20
2021-04-07T17:55:15.334Z - error: [state-manager][_update] - Error processing guarantees at ./src/stateManager/v6/state-manager.js:333:32
2021-04-07T17:55:15.334Z - error: [state-manager][_get] - Error getting metrics at ./src/stateManager/v6/state-manager.js:167:36
2021-04-07T17:55:15.335Z - error: [promise][_processSequentialPromises] - Error processing sequential promises in controllers at ./src/utils/promise.js:196:20
Error trace: 
	{"code":500,"message":"[state-manager][_get] - Error getting metrics at ./src/stateManager/v6/state-manager.js:167:36","root":{"code":500,"message":"[state-manager][_update] - Error processing guarantees at ./src/stateManager/v6/state-manager.js:333:32","root":{"code":500,"message":"[guarantees][processGuarantee] - Error processing scoped guarantee for: COVERAGE_DELTA_VARIATION_HIGHER_EQUAL_ZERO at ./src/stateManager/v6/guarantee-calculator.js:168:20","root":{"code":500,"message":"[guarantees][processScopedGuarantee] - Error processing timedScopes metrics for guarantee: COVERAGE_DELTA_VARIATION_HIGHER_EQUAL_ZERO at ./src/stateManager/v6/guarantee-calculator.js:304:24","root":{"code":500,"message":"[state-manager][_get] - Error getting metrics at ./src/stateManager/v6/state-manager.js:167:36","root":{"code":500,"message":"[state-manager][_update] - Error processing metrics at ./src/stateManager/v6/state-manager.js:368:32","root":"Metric VALUE_CC_COVERAGE not found."}}}}}}
2021-04-07T17:57:20.456Z - error: [state-manager][_update] - Error processing metrics at ./src/stateManager/v6/state-manager.js:368:32
2021-04-07T17:57:20.457Z - error: [state-manager][_get] - Error getting metrics at ./src/stateManager/v6/state-manager.js:167:36
2021-04-07T17:57:20.457Z - error: [guarantees][processScopedGuarantee] - Error processing timedScopes metrics for guarantee: COVERAGE_DELTA_VARIATION_HIGHER_EQUAL_ZERO at ./src/stateManager/v6/guarantee-calculator.js:304:24
2021-04-07T17:57:20.458Z - error: [guarantees][processGuarantee] - Error processing scoped guarantee for: COVERAGE_DELTA_VARIATION_HIGHER_EQUAL_ZERO at ./src/stateManager/v6/guarantee-calculator.js:168:20
2021-04-07T17:57:20.458Z - error: [state-manager][_update] - Error processing guarantees at ./src/stateManager/v6/state-manager.js:333:32
2021-04-07T17:57:20.458Z - error: [state-manager][_get] - Error getting metrics at ./src/stateManager/v6/state-manager.js:167:36
2021-04-07T17:57:20.459Z - error: [promise][_processSequentialPromises] - Error processing sequential promises in controllers at ./src/utils/promise.js:196:20
Error trace: 
	{"code":500,"message":"[state-manager][_get] - Error getting metrics at ./src/stateManager/v6/state-manager.js:167:36","root":{"code":500,"message":"[state-manager][_update] - Error processing guarantees at ./src/stateManager/v6/state-manager.js:333:32","root":{"code":500,"message":"[guarantees][processGuarantee] - Error processing scoped guarantee for: COVERAGE_DELTA_VARIATION_HIGHER_EQUAL_ZERO at ./src/stateManager/v6/guarantee-calculator.js:168:20","root":{"code":500,"message":"[guarantees][processScopedGuarantee] - Error processing timedScopes metrics for guarantee: COVERAGE_DELTA_VARIATION_HIGHER_EQUAL_ZERO at ./src/stateManager/v6/guarantee-calculator.js:304:24","root":{"code":500,"message":"[state-manager][_get] - Error getting metrics at ./src/stateManager/v6/state-manager.js:167:36","root":{"code":500,"message":"[state-manager][_update] - Error processing metrics at ./src/stateManager/v6/state-manager.js:368:32","root":"Metric VALUE_CC_COVERAGE not found."}}}}}}
2021-04-07T17:58:15.428Z - error: [state-manager][_update] - Error processing metrics at ./src/stateManager/v6/state-manager.js:368:32
2021-04-07T17:58:15.429Z - error: [state-manager][_get] - Error getting metrics at ./src/stateManager/v6/state-manager.js:167:36
2021-04-07T17:58:15.429Z - error: [guarantees][processScopedGuarantee] - Error processing timedScopes metrics for guarantee: COVERAGE_DELTA_VARIATION_HIGHER_EQUAL_ZERO at ./src/stateManager/v6/guarantee-calculator.js:304:24
2021-04-07T17:58:15.429Z - error: [guarantees][processGuarantee] - Error processing scoped guarantee for: COVERAGE_DELTA_VARIATION_HIGHER_EQUAL_ZERO at ./src/stateManager/v6/guarantee-calculator.js:168:20
2021-04-07T17:58:15.429Z - error: [state-manager][_update] - Error processing guarantees at ./src/stateManager/v6/state-manager.js:333:32
2021-04-07T17:58:15.430Z - error: [state-manager][_get] - Error getting metrics at ./src/stateManager/v6/state-manager.js:167:36
2021-04-07T17:58:15.430Z - error: [promise][_processSequentialPromises] - Error processing sequential promises in controllers at ./src/utils/promise.js:196:20
Error trace: 
	{"code":500,"message":"[state-manager][_get] - Error getting metrics at ./src/stateManager/v6/state-manager.js:167:36","root":{"code":500,"message":"[state-manager][_update] - Error processing guarantees at ./src/stateManager/v6/state-manager.js:333:32","root":{"code":500,"message":"[guarantees][processGuarantee] - Error processing scoped guarantee for: COVERAGE_DELTA_VARIATION_HIGHER_EQUAL_ZERO at ./src/stateManager/v6/guarantee-calculator.js:168:20","root":{"code":500,"message":"[guarantees][processScopedGuarantee] - Error processing timedScopes metrics for guarantee: COVERAGE_DELTA_VARIATION_HIGHER_EQUAL_ZERO at ./src/stateManager/v6/guarantee-calculator.js:304:24","root":{"code":500,"message":"[state-manager][_get] - Error getting metrics at ./src/stateManager/v6/state-manager.js:167:36","root":{"code":500,"message":"[state-manager][_update] - Error processing metrics at ./src/stateManager/v6/state-manager.js:368:32","root":"Metric VALUE_CC_COVERAGE not found."}}}}}}
2021-04-07T18:01:15.579Z - error: [state-manager][_update] - Error processing metrics at ./src/stateManager/v6/state-manager.js:368:32
2021-04-07T18:01:15.579Z - error: [state-manager][_get] - Error getting metrics at ./src/stateManager/v6/state-manager.js:167:36
2021-04-07T18:01:15.580Z - error: [guarantees][processScopedGuarantee] - Error processing timedScopes metrics for guarantee: COVERAGE_DELTA_VARIATION_HIGHER_EQUAL_ZERO at ./src/stateManager/v6/guarantee-calculator.js:304:24
2021-04-07T18:01:15.580Z - error: [guarantees][processGuarantee] - Error processing scoped guarantee for: COVERAGE_DELTA_VARIATION_HIGHER_EQUAL_ZERO at ./src/stateManager/v6/guarantee-calculator.js:168:20
2021-04-07T18:01:15.580Z - error: [state-manager][_update] - Error processing guarantees at ./src/stateManager/v6/state-manager.js:333:32
2021-04-07T18:01:15.580Z - error: [state-manager][_get] - Error getting metrics at ./src/stateManager/v6/state-manager.js:167:36
2021-04-07T18:01:15.581Z - error: [promise][_processSequentialPromises] - Error processing sequential promises in controllers at ./src/utils/promise.js:196:20
Error trace: 
	{"code":500,"message":"[state-manager][_get] - Error getting metrics at ./src/stateManager/v6/state-manager.js:167:36","root":{"code":500,"message":"[state-manager][_update] - Error processing guarantees at ./src/stateManager/v6/state-manager.js:333:32","root":{"code":500,"message":"[guarantees][processGuarantee] - Error processing scoped guarantee for: COVERAGE_DELTA_VARIATION_HIGHER_EQUAL_ZERO at ./src/stateManager/v6/guarantee-calculator.js:168:20","root":{"code":500,"message":"[guarantees][processScopedGuarantee] - Error processing timedScopes metrics for guarantee: COVERAGE_DELTA_VARIATION_HIGHER_EQUAL_ZERO at ./src/stateManager/v6/guarantee-calculator.js:304:24","root":{"code":500,"message":"[state-manager][_get] - Error getting metrics at ./src/stateManager/v6/state-manager.js:167:36","root":{"code":500,"message":"[state-manager][_update] - Error processing metrics at ./src/stateManager/v6/state-manager.js:368:32","root":"Metric VALUE_CC_COVERAGE not found."}}}}}}
2021-04-07T18:04:15.701Z - error: [state-manager][_update] - Error processing metrics at ./src/stateManager/v6/state-manager.js:368:32
2021-04-07T18:04:15.702Z - error: [state-manager][_get] - Error getting metrics at ./src/stateManager/v6/state-manager.js:167:36
2021-04-07T18:04:15.702Z - error: [guarantees][processScopedGuarantee] - Error processing timedScopes metrics for guarantee: COVERAGE_DELTA_VARIATION_HIGHER_EQUAL_ZERO at ./src/stateManager/v6/guarantee-calculator.js:304:24
2021-04-07T18:04:15.703Z - error: [guarantees][processGuarantee] - Error processing scoped guarantee for: COVERAGE_DELTA_VARIATION_HIGHER_EQUAL_ZERO at ./src/stateManager/v6/guarantee-calculator.js:168:20
2021-04-07T18:04:15.703Z - error: [state-manager][_update] - Error processing guarantees at ./src/stateManager/v6/state-manager.js:333:32
2021-04-07T18:04:15.704Z - error: [state-manager][_get] - Error getting metrics at ./src/stateManager/v6/state-manager.js:167:36
2021-04-07T18:04:15.704Z - error: [promise][_processSequentialPromises] - Error processing sequential promises in controllers at ./src/utils/promise.js:196:20
Error trace: 
	{"code":500,"message":"[state-manager][_get] - Error getting metrics at ./src/stateManager/v6/state-manager.js:167:36","root":{"code":500,"message":"[state-manager][_update] - Error processing guarantees at ./src/stateManager/v6/state-manager.js:333:32","root":{"code":500,"message":"[guarantees][processGuarantee] - Error processing scoped guarantee for: COVERAGE_DELTA_VARIATION_HIGHER_EQUAL_ZERO at ./src/stateManager/v6/guarantee-calculator.js:168:20","root":{"code":500,"message":"[guarantees][processScopedGuarantee] - Error processing timedScopes metrics for guarantee: COVERAGE_DELTA_VARIATION_HIGHER_EQUAL_ZERO at ./src/stateManager/v6/guarantee-calculator.js:304:24","root":{"code":500,"message":"[state-manager][_get] - Error getting metrics at ./src/stateManager/v6/state-manager.js:167:36","root":{"code":500,"message":"[state-manager][_update] - Error processing metrics at ./src/stateManager/v6/state-manager.js:368:32","root":"Metric VALUE_CC_COVERAGE not found."}}}}}}
2021-04-07T18:07:15.761Z - error: [state-manager][_update] - Error processing metrics at ./src/stateManager/v6/state-manager.js:368:32
2021-04-07T18:07:15.761Z - error: [state-manager][_get] - Error getting metrics at ./src/stateManager/v6/state-manager.js:167:36
2021-04-07T18:07:15.762Z - error: [guarantees][processScopedGuarantee] - Error processing timedScopes metrics for guarantee: COVERAGE_DELTA_VARIATION_HIGHER_EQUAL_ZERO at ./src/stateManager/v6/guarantee-calculator.js:304:24
2021-04-07T18:07:15.762Z - error: [guarantees][processGuarantee] - Error processing scoped guarantee for: COVERAGE_DELTA_VARIATION_HIGHER_EQUAL_ZERO at ./src/stateManager/v6/guarantee-calculator.js:168:20
2021-04-07T18:07:15.762Z - error: [state-manager][_update] - Error processing guarantees at ./src/stateManager/v6/state-manager.js:333:32
2021-04-07T18:07:15.762Z - error: [state-manager][_get] - Error getting metrics at ./src/stateManager/v6/state-manager.js:167:36
2021-04-07T18:07:15.763Z - error: [promise][_processSequentialPromises] - Error processing sequential promises in controllers at ./src/utils/promise.js:196:20
Error trace: 
	{"code":500,"message":"[state-manager][_get] - Error getting metrics at ./src/stateManager/v6/state-manager.js:167:36","root":{"code":500,"message":"[state-manager][_update] - Error processing guarantees at ./src/stateManager/v6/state-manager.js:333:32","root":{"code":500,"message":"[guarantees][processGuarantee] - Error processing scoped guarantee for: COVERAGE_DELTA_VARIATION_HIGHER_EQUAL_ZERO at ./src/stateManager/v6/guarantee-calculator.js:168:20","root":{"code":500,"message":"[guarantees][processScopedGuarantee] - Error processing timedScopes metrics for guarantee: COVERAGE_DELTA_VARIATION_HIGHER_EQUAL_ZERO at ./src/stateManager/v6/guarantee-calculator.js:304:24","root":{"code":500,"message":"[state-manager][_get] - Error getting metrics at ./src/stateManager/v6/state-manager.js:167:36","root":{"code":500,"message":"[state-manager][_update] - Error processing metrics at ./src/stateManager/v6/state-manager.js:368:32","root":"Metric VALUE_CC_COVERAGE not found."}}}}}}
2021-04-07T18:10:15.870Z - error: [state-manager][_update] - Error processing metrics at ./src/stateManager/v6/state-manager.js:368:32
2021-04-07T18:10:15.871Z - error: [state-manager][_get] - Error getting metrics at ./src/stateManager/v6/state-manager.js:167:36
2021-04-07T18:10:15.871Z - error: [guarantees][processScopedGuarantee] - Error processing timedScopes metrics for guarantee: COVERAGE_DELTA_VARIATION_HIGHER_EQUAL_ZERO at ./src/stateManager/v6/guarantee-calculator.js:304:24
2021-04-07T18:10:15.872Z - error: [guarantees][processGuarantee] - Error processing scoped guarantee for: COVERAGE_DELTA_VARIATION_HIGHER_EQUAL_ZERO at ./src/stateManager/v6/guarantee-calculator.js:168:20
2021-04-07T18:10:15.872Z - error: [state-manager][_update] - Error processing guarantees at ./src/stateManager/v6/state-manager.js:333:32
2021-04-07T18:10:15.873Z - error: [state-manager][_get] - Error getting metrics at ./src/stateManager/v6/state-manager.js:167:36
2021-04-07T18:10:15.873Z - error: [promise][_processSequentialPromises] - Error processing sequential promises in controllers at ./src/utils/promise.js:196:20
Error trace: 
	{"code":500,"message":"[state-manager][_get] - Error getting metrics at ./src/stateManager/v6/state-manager.js:167:36","root":{"code":500,"message":"[state-manager][_update] - Error processing guarantees at ./src/stateManager/v6/state-manager.js:333:32","root":{"code":500,"message":"[guarantees][processGuarantee] - Error processing scoped guarantee for: COVERAGE_DELTA_VARIATION_HIGHER_EQUAL_ZERO at ./src/stateManager/v6/guarantee-calculator.js:168:20","root":{"code":500,"message":"[guarantees][processScopedGuarantee] - Error processing timedScopes metrics for guarantee: COVERAGE_DELTA_VARIATION_HIGHER_EQUAL_ZERO at ./src/stateManager/v6/guarantee-calculator.js:304:24","root":{"code":500,"message":"[state-manager][_get] - Error getting metrics at ./src/stateManager/v6/state-manager.js:167:36","root":{"code":500,"message":"[state-manager][_update] - Error processing metrics at ./src/stateManager/v6/state-manager.js:368:32","root":"Metric VALUE_CC_COVERAGE not found."}}}}}}
2021-04-07T18:13:15.974Z - error: [state-manager][_update] - Error processing metrics at ./src/stateManager/v6/state-manager.js:368:32
2021-04-07T18:13:15.974Z - error: [state-manager][_get] - Error getting metrics at ./src/stateManager/v6/state-manager.js:167:36
2021-04-07T18:13:15.975Z - error: [guarantees][processScopedGuarantee] - Error processing timedScopes metrics for guarantee: COVERAGE_DELTA_VARIATION_HIGHER_EQUAL_ZERO at ./src/stateManager/v6/guarantee-calculator.js:304:24
2021-04-07T18:13:15.975Z - error: [guarantees][processGuarantee] - Error processing scoped guarantee for: COVERAGE_DELTA_VARIATION_HIGHER_EQUAL_ZERO at ./src/stateManager/v6/guarantee-calculator.js:168:20
2021-04-07T18:13:15.975Z - error: [state-manager][_update] - Error processing guarantees at ./src/stateManager/v6/state-manager.js:333:32
2021-04-07T18:13:15.975Z - error: [state-manager][_get] - Error getting metrics at ./src/stateManager/v6/state-manager.js:167:36
2021-04-07T18:13:15.976Z - error: [promise][_processSequentialPromises] - Error processing sequential promises in controllers at ./src/utils/promise.js:196:20
Error trace: 
	{"code":500,"message":"[state-manager][_get] - Error getting metrics at ./src/stateManager/v6/state-manager.js:167:36","root":{"code":500,"message":"[state-manager][_update] - Error processing guarantees at ./src/stateManager/v6/state-manager.js:333:32","root":{"code":500,"message":"[guarantees][processGuarantee] - Error processing scoped guarantee for: COVERAGE_DELTA_VARIATION_HIGHER_EQUAL_ZERO at ./src/stateManager/v6/guarantee-calculator.js:168:20","root":{"code":500,"message":"[guarantees][processScopedGuarantee] - Error processing timedScopes metrics for guarantee: COVERAGE_DELTA_VARIATION_HIGHER_EQUAL_ZERO at ./src/stateManager/v6/guarantee-calculator.js:304:24","root":{"code":500,"message":"[state-manager][_get] - Error getting metrics at ./src/stateManager/v6/state-manager.js:167:36","root":{"code":500,"message":"[state-manager][_update] - Error processing metrics at ./src/stateManager/v6/state-manager.js:368:32","root":"Metric VALUE_CC_COVERAGE not found."}}}}}}
2021-04-07T18:16:16.097Z - error: [state-manager][_update] - Error processing metrics at ./src/stateManager/v6/state-manager.js:368:32
2021-04-07T18:16:16.097Z - error: [state-manager][_get] - Error getting metrics at ./src/stateManager/v6/state-manager.js:167:36
2021-04-07T18:16:16.097Z - error: [guarantees][processScopedGuarantee] - Error processing timedScopes metrics for guarantee: COVERAGE_DELTA_VARIATION_HIGHER_EQUAL_ZERO at ./src/stateManager/v6/guarantee-calculator.js:304:24
2021-04-07T18:16:16.098Z - error: [guarantees][processGuarantee] - Error processing scoped guarantee for: COVERAGE_DELTA_VARIATION_HIGHER_EQUAL_ZERO at ./src/stateManager/v6/guarantee-calculator.js:168:20
2021-04-07T18:16:16.098Z - error: [state-manager][_update] - Error processing guarantees at ./src/stateManager/v6/state-manager.js:333:32
2021-04-07T18:16:16.098Z - error: [state-manager][_get] - Error getting metrics at ./src/stateManager/v6/state-manager.js:167:36
2021-04-07T18:16:16.098Z - error: [promise][_processSequentialPromises] - Error processing sequential promises in controllers at ./src/utils/promise.js:196:20
Error trace: 
	{"code":500,"message":"[state-manager][_get] - Error getting metrics at ./src/stateManager/v6/state-manager.js:167:36","root":{"code":500,"message":"[state-manager][_update] - Error processing guarantees at ./src/stateManager/v6/state-manager.js:333:32","root":{"code":500,"message":"[guarantees][processGuarantee] - Error processing scoped guarantee for: COVERAGE_DELTA_VARIATION_HIGHER_EQUAL_ZERO at ./src/stateManager/v6/guarantee-calculator.js:168:20","root":{"code":500,"message":"[guarantees][processScopedGuarantee] - Error processing timedScopes metrics for guarantee: COVERAGE_DELTA_VARIATION_HIGHER_EQUAL_ZERO at ./src/stateManager/v6/guarantee-calculator.js:304:24","root":{"code":500,"message":"[state-manager][_get] - Error getting metrics at ./src/stateManager/v6/state-manager.js:167:36","root":{"code":500,"message":"[state-manager][_update] - Error processing metrics at ./src/stateManager/v6/state-manager.js:368:32","root":"Metric VALUE_CC_COVERAGE not found."}}}}}}
2021-04-07T18:19:16.246Z - error: [state-manager][_update] - Error processing metrics at ./src/stateManager/v6/state-manager.js:368:32
2021-04-07T18:19:16.246Z - error: [state-manager][_get] - Error getting metrics at ./src/stateManager/v6/state-manager.js:167:36
2021-04-07T18:19:16.247Z - error: [guarantees][processScopedGuarantee] - Error processing timedScopes metrics for guarantee: COVERAGE_DELTA_VARIATION_HIGHER_EQUAL_ZERO at ./src/stateManager/v6/guarantee-calculator.js:304:24
2021-04-07T18:19:16.247Z - error: [guarantees][processGuarantee] - Error processing scoped guarantee for: COVERAGE_DELTA_VARIATION_HIGHER_EQUAL_ZERO at ./src/stateManager/v6/guarantee-calculator.js:168:20
2021-04-07T18:19:16.247Z - error: [state-manager][_update] - Error processing guarantees at ./src/stateManager/v6/state-manager.js:333:32
2021-04-07T18:19:16.247Z - error: [state-manager][_get] - Error getting metrics at ./src/stateManager/v6/state-manager.js:167:36
2021-04-07T18:19:16.247Z - error: [promise][_processSequentialPromises] - Error processing sequential promises in controllers at ./src/utils/promise.js:196:20
Error trace: 
	{"code":500,"message":"[state-manager][_get] - Error getting metrics at ./src/stateManager/v6/state-manager.js:167:36","root":{"code":500,"message":"[state-manager][_update] - Error processing guarantees at ./src/stateManager/v6/state-manager.js:333:32","root":{"code":500,"message":"[guarantees][processGuarantee] - Error processing scoped guarantee for: COVERAGE_DELTA_VARIATION_HIGHER_EQUAL_ZERO at ./src/stateManager/v6/guarantee-calculator.js:168:20","root":{"code":500,"message":"[guarantees][processScopedGuarantee] - Error processing timedScopes metrics for guarantee: COVERAGE_DELTA_VARIATION_HIGHER_EQUAL_ZERO at ./src/stateManager/v6/guarantee-calculator.js:304:24","root":{"code":500,"message":"[state-manager][_get] - Error getting metrics at ./src/stateManager/v6/state-manager.js:167:36","root":{"code":500,"message":"[state-manager][_update] - Error processing metrics at ./src/stateManager/v6/state-manager.js:368:32","root":"Metric VALUE_CC_COVERAGE not found."}}}}}}
2021-04-07T18:22:16.340Z - error: [state-manager][_update] - Error processing metrics at ./src/stateManager/v6/state-manager.js:368:32
2021-04-07T18:22:16.340Z - error: [state-manager][_get] - Error getting metrics at ./src/stateManager/v6/state-manager.js:167:36
2021-04-07T18:22:16.340Z - error: [guarantees][processScopedGuarantee] - Error processing timedScopes metrics for guarantee: COVERAGE_DELTA_VARIATION_HIGHER_EQUAL_ZERO at ./src/stateManager/v6/guarantee-calculator.js:304:24
2021-04-07T18:22:16.341Z - error: [guarantees][processGuarantee] - Error processing scoped guarantee for: COVERAGE_DELTA_VARIATION_HIGHER_EQUAL_ZERO at ./src/stateManager/v6/guarantee-calculator.js:168:20
2021-04-07T18:22:16.341Z - error: [state-manager][_update] - Error processing guarantees at ./src/stateManager/v6/state-manager.js:333:32
2021-04-07T18:22:16.341Z - error: [state-manager][_get] - Error getting metrics at ./src/stateManager/v6/state-manager.js:167:36
2021-04-07T18:22:16.341Z - error: [promise][_processSequentialPromises] - Error processing sequential promises in controllers at ./src/utils/promise.js:196:20
Error trace: 
	{"code":500,"message":"[state-manager][_get] - Error getting metrics at ./src/stateManager/v6/state-manager.js:167:36","root":{"code":500,"message":"[state-manager][_update] - Error processing guarantees at ./src/stateManager/v6/state-manager.js:333:32","root":{"code":500,"message":"[guarantees][processGuarantee] - Error processing scoped guarantee for: COVERAGE_DELTA_VARIATION_HIGHER_EQUAL_ZERO at ./src/stateManager/v6/guarantee-calculator.js:168:20","root":{"code":500,"message":"[guarantees][processScopedGuarantee] - Error processing timedScopes metrics for guarantee: COVERAGE_DELTA_VARIATION_HIGHER_EQUAL_ZERO at ./src/stateManager/v6/guarantee-calculator.js:304:24","root":{"code":500,"message":"[state-manager][_get] - Error getting metrics at ./src/stateManager/v6/state-manager.js:167:36","root":{"code":500,"message":"[state-manager][_update] - Error processing metrics at ./src/stateManager/v6/state-manager.js:368:32","root":"Metric VALUE_CC_COVERAGE not found."}}}}}}
2021-04-07T18:25:16.503Z - error: [state-manager][_update] - Error processing metrics at ./src/stateManager/v6/state-manager.js:368:32
2021-04-07T18:25:16.503Z - error: [state-manager][_get] - Error getting metrics at ./src/stateManager/v6/state-manager.js:167:36
2021-04-07T18:25:16.503Z - error: [guarantees][processScopedGuarantee] - Error processing timedScopes metrics for guarantee: COVERAGE_DELTA_VARIATION_HIGHER_EQUAL_ZERO at ./src/stateManager/v6/guarantee-calculator.js:304:24
2021-04-07T18:25:16.504Z - error: [guarantees][processGuarantee] - Error processing scoped guarantee for: COVERAGE_DELTA_VARIATION_HIGHER_EQUAL_ZERO at ./src/stateManager/v6/guarantee-calculator.js:168:20
2021-04-07T18:25:16.504Z - error: [state-manager][_update] - Error processing guarantees at ./src/stateManager/v6/state-manager.js:333:32
2021-04-07T18:25:16.506Z - error: [state-manager][_get] - Error getting metrics at ./src/stateManager/v6/state-manager.js:167:36
2021-04-07T18:25:16.506Z - error: [promise][_processSequentialPromises] - Error processing sequential promises in controllers at ./src/utils/promise.js:196:20
Error trace: 
	{"code":500,"message":"[state-manager][_get] - Error getting metrics at ./src/stateManager/v6/state-manager.js:167:36","root":{"code":500,"message":"[state-manager][_update] - Error processing guarantees at ./src/stateManager/v6/state-manager.js:333:32","root":{"code":500,"message":"[guarantees][processGuarantee] - Error processing scoped guarantee for: COVERAGE_DELTA_VARIATION_HIGHER_EQUAL_ZERO at ./src/stateManager/v6/guarantee-calculator.js:168:20","root":{"code":500,"message":"[guarantees][processScopedGuarantee] - Error processing timedScopes metrics for guarantee: COVERAGE_DELTA_VARIATION_HIGHER_EQUAL_ZERO at ./src/stateManager/v6/guarantee-calculator.js:304:24","root":{"code":500,"message":"[state-manager][_get] - Error getting metrics at ./src/stateManager/v6/state-manager.js:167:36","root":{"code":500,"message":"[state-manager][_update] - Error processing metrics at ./src/stateManager/v6/state-manager.js:368:32","root":"Metric VALUE_CC_COVERAGE not found."}}}}}}
2021-04-07T18:28:16.592Z - error: [state-manager][_update] - Error processing metrics at ./src/stateManager/v6/state-manager.js:368:32
2021-04-07T18:28:16.592Z - error: [state-manager][_get] - Error getting metrics at ./src/stateManager/v6/state-manager.js:167:36
2021-04-07T18:28:16.592Z - error: [guarantees][processScopedGuarantee] - Error processing timedScopes metrics for guarantee: COVERAGE_DELTA_VARIATION_HIGHER_EQUAL_ZERO at ./src/stateManager/v6/guarantee-calculator.js:304:24
2021-04-07T18:28:16.592Z - error: [guarantees][processGuarantee] - Error processing scoped guarantee for: COVERAGE_DELTA_VARIATION_HIGHER_EQUAL_ZERO at ./src/stateManager/v6/guarantee-calculator.js:168:20
2021-04-07T18:28:16.593Z - error: [state-manager][_update] - Error processing guarantees at ./src/stateManager/v6/state-manager.js:333:32
2021-04-07T18:28:16.593Z - error: [state-manager][_get] - Error getting metrics at ./src/stateManager/v6/state-manager.js:167:36
2021-04-07T18:28:16.593Z - error: [promise][_processSequentialPromises] - Error processing sequential promises in controllers at ./src/utils/promise.js:196:20
Error trace: 
	{"code":500,"message":"[state-manager][_get] - Error getting metrics at ./src/stateManager/v6/state-manager.js:167:36","root":{"code":500,"message":"[state-manager][_update] - Error processing guarantees at ./src/stateManager/v6/state-manager.js:333:32","root":{"code":500,"message":"[guarantees][processGuarantee] - Error processing scoped guarantee for: COVERAGE_DELTA_VARIATION_HIGHER_EQUAL_ZERO at ./src/stateManager/v6/guarantee-calculator.js:168:20","root":{"code":500,"message":"[guarantees][processScopedGuarantee] - Error processing timedScopes metrics for guarantee: COVERAGE_DELTA_VARIATION_HIGHER_EQUAL_ZERO at ./src/stateManager/v6/guarantee-calculator.js:304:24","root":{"code":500,"message":"[state-manager][_get] - Error getting metrics at ./src/stateManager/v6/state-manager.js:167:36","root":{"code":500,"message":"[state-manager][_update] - Error processing metrics at ./src/stateManager/v6/state-manager.js:368:32","root":"Metric VALUE_CC_COVERAGE not found."}}}}}}
2021-04-07T18:31:16.753Z - error: [state-manager][_update] - Error processing metrics at ./src/stateManager/v6/state-manager.js:368:32
2021-04-07T18:31:16.753Z - error: [state-manager][_get] - Error getting metrics at ./src/stateManager/v6/state-manager.js:167:36
2021-04-07T18:31:16.754Z - error: [guarantees][processScopedGuarantee] - Error processing timedScopes metrics for guarantee: COVERAGE_DELTA_VARIATION_HIGHER_EQUAL_ZERO at ./src/stateManager/v6/guarantee-calculator.js:304:24
2021-04-07T18:31:16.754Z - error: [guarantees][processGuarantee] - Error processing scoped guarantee for: COVERAGE_DELTA_VARIATION_HIGHER_EQUAL_ZERO at ./src/stateManager/v6/guarantee-calculator.js:168:20
2021-04-07T18:31:16.754Z - error: [state-manager][_update] - Error processing guarantees at ./src/stateManager/v6/state-manager.js:333:32
2021-04-07T18:31:16.755Z - error: [state-manager][_get] - Error getting metrics at ./src/stateManager/v6/state-manager.js:167:36
2021-04-07T18:31:16.755Z - error: [promise][_processSequentialPromises] - Error processing sequential promises in controllers at ./src/utils/promise.js:196:20
Error trace: 
	{"code":500,"message":"[state-manager][_get] - Error getting metrics at ./src/stateManager/v6/state-manager.js:167:36","root":{"code":500,"message":"[state-manager][_update] - Error processing guarantees at ./src/stateManager/v6/state-manager.js:333:32","root":{"code":500,"message":"[guarantees][processGuarantee] - Error processing scoped guarantee for: COVERAGE_DELTA_VARIATION_HIGHER_EQUAL_ZERO at ./src/stateManager/v6/guarantee-calculator.js:168:20","root":{"code":500,"message":"[guarantees][processScopedGuarantee] - Error processing timedScopes metrics for guarantee: COVERAGE_DELTA_VARIATION_HIGHER_EQUAL_ZERO at ./src/stateManager/v6/guarantee-calculator.js:304:24","root":{"code":500,"message":"[state-manager][_get] - Error getting metrics at ./src/stateManager/v6/state-manager.js:167:36","root":{"code":500,"message":"[state-manager][_update] - Error processing metrics at ./src/stateManager/v6/state-manager.js:368:32","root":"Metric VALUE_CC_COVERAGE not found."}}}}}}
2021-04-07T18:34:16.887Z - error: [state-manager][_update] - Error processing metrics at ./src/stateManager/v6/state-manager.js:368:32
2021-04-07T18:34:16.888Z - error: [state-manager][_get] - Error getting metrics at ./src/stateManager/v6/state-manager.js:167:36
2021-04-07T18:34:16.888Z - error: [guarantees][processScopedGuarantee] - Error processing timedScopes metrics for guarantee: COVERAGE_DELTA_VARIATION_HIGHER_EQUAL_ZERO at ./src/stateManager/v6/guarantee-calculator.js:304:24
2021-04-07T18:34:16.888Z - error: [guarantees][processGuarantee] - Error processing scoped guarantee for: COVERAGE_DELTA_VARIATION_HIGHER_EQUAL_ZERO at ./src/stateManager/v6/guarantee-calculator.js:168:20
2021-04-07T18:34:16.889Z - error: [state-manager][_update] - Error processing guarantees at ./src/stateManager/v6/state-manager.js:333:32
2021-04-07T18:34:16.889Z - error: [state-manager][_get] - Error getting metrics at ./src/stateManager/v6/state-manager.js:167:36
2021-04-07T18:34:16.889Z - error: [promise][_processSequentialPromises] - Error processing sequential promises in controllers at ./src/utils/promise.js:196:20
Error trace: 
	{"code":500,"message":"[state-manager][_get] - Error getting metrics at ./src/stateManager/v6/state-manager.js:167:36","root":{"code":500,"message":"[state-manager][_update] - Error processing guarantees at ./src/stateManager/v6/state-manager.js:333:32","root":{"code":500,"message":"[guarantees][processGuarantee] - Error processing scoped guarantee for: COVERAGE_DELTA_VARIATION_HIGHER_EQUAL_ZERO at ./src/stateManager/v6/guarantee-calculator.js:168:20","root":{"code":500,"message":"[guarantees][processScopedGuarantee] - Error processing timedScopes metrics for guarantee: COVERAGE_DELTA_VARIATION_HIGHER_EQUAL_ZERO at ./src/stateManager/v6/guarantee-calculator.js:304:24","root":{"code":500,"message":"[state-manager][_get] - Error getting metrics at ./src/stateManager/v6/state-manager.js:167:36","root":{"code":500,"message":"[state-manager][_update] - Error processing metrics at ./src/stateManager/v6/state-manager.js:368:32","root":"Metric VALUE_CC_COVERAGE not found."}}}}}}
2021-04-07T18:37:16.981Z - error: [state-manager][_update] - Error processing metrics at ./src/stateManager/v6/state-manager.js:368:32
2021-04-07T18:37:16.982Z - error: [state-manager][_get] - Error getting metrics at ./src/stateManager/v6/state-manager.js:167:36
2021-04-07T18:37:16.982Z - error: [guarantees][processScopedGuarantee] - Error processing timedScopes metrics for guarantee: COVERAGE_DELTA_VARIATION_HIGHER_EQUAL_ZERO at ./src/stateManager/v6/guarantee-calculator.js:304:24
2021-04-07T18:37:16.982Z - error: [guarantees][processGuarantee] - Error processing scoped guarantee for: COVERAGE_DELTA_VARIATION_HIGHER_EQUAL_ZERO at ./src/stateManager/v6/guarantee-calculator.js:168:20
2021-04-07T18:37:16.983Z - error: [state-manager][_update] - Error processing guarantees at ./src/stateManager/v6/state-manager.js:333:32
2021-04-07T18:37:16.983Z - error: [state-manager][_get] - Error getting metrics at ./src/stateManager/v6/state-manager.js:167:36
2021-04-07T18:37:16.983Z - error: [promise][_processSequentialPromises] - Error processing sequential promises in controllers at ./src/utils/promise.js:196:20
Error trace: 
	{"code":500,"message":"[state-manager][_get] - Error getting metrics at ./src/stateManager/v6/state-manager.js:167:36","root":{"code":500,"message":"[state-manager][_update] - Error processing guarantees at ./src/stateManager/v6/state-manager.js:333:32","root":{"code":500,"message":"[guarantees][processGuarantee] - Error processing scoped guarantee for: COVERAGE_DELTA_VARIATION_HIGHER_EQUAL_ZERO at ./src/stateManager/v6/guarantee-calculator.js:168:20","root":{"code":500,"message":"[guarantees][processScopedGuarantee] - Error processing timedScopes metrics for guarantee: COVERAGE_DELTA_VARIATION_HIGHER_EQUAL_ZERO at ./src/stateManager/v6/guarantee-calculator.js:304:24","root":{"code":500,"message":"[state-manager][_get] - Error getting metrics at ./src/stateManager/v6/state-manager.js:167:36","root":{"code":500,"message":"[state-manager][_update] - Error processing metrics at ./src/stateManager/v6/state-manager.js:368:32","root":"Metric VALUE_CC_COVERAGE not found."}}}}}}
2021-04-07T18:40:17.052Z - error: [state-manager][_update] - Error processing metrics at ./src/stateManager/v6/state-manager.js:368:32
2021-04-07T18:40:17.052Z - error: [state-manager][_get] - Error getting metrics at ./src/stateManager/v6/state-manager.js:167:36
2021-04-07T18:40:17.053Z - error: [guarantees][processScopedGuarantee] - Error processing timedScopes metrics for guarantee: COVERAGE_DELTA_VARIATION_HIGHER_EQUAL_ZERO at ./src/stateManager/v6/guarantee-calculator.js:304:24
2021-04-07T18:40:17.053Z - error: [guarantees][processGuarantee] - Error processing scoped guarantee for: COVERAGE_DELTA_VARIATION_HIGHER_EQUAL_ZERO at ./src/stateManager/v6/guarantee-calculator.js:168:20
2021-04-07T18:40:17.053Z - error: [state-manager][_update] - Error processing guarantees at ./src/stateManager/v6/state-manager.js:333:32
2021-04-07T18:40:17.053Z - error: [state-manager][_get] - Error getting metrics at ./src/stateManager/v6/state-manager.js:167:36
2021-04-07T18:40:17.054Z - error: [promise][_processSequentialPromises] - Error processing sequential promises in controllers at ./src/utils/promise.js:196:20
Error trace: 
	{"code":500,"message":"[state-manager][_get] - Error getting metrics at ./src/stateManager/v6/state-manager.js:167:36","root":{"code":500,"message":"[state-manager][_update] - Error processing guarantees at ./src/stateManager/v6/state-manager.js:333:32","root":{"code":500,"message":"[guarantees][processGuarantee] - Error processing scoped guarantee for: COVERAGE_DELTA_VARIATION_HIGHER_EQUAL_ZERO at ./src/stateManager/v6/guarantee-calculator.js:168:20","root":{"code":500,"message":"[guarantees][processScopedGuarantee] - Error processing timedScopes metrics for guarantee: COVERAGE_DELTA_VARIATION_HIGHER_EQUAL_ZERO at ./src/stateManager/v6/guarantee-calculator.js:304:24","root":{"code":500,"message":"[state-manager][_get] - Error getting metrics at ./src/stateManager/v6/state-manager.js:167:36","root":{"code":500,"message":"[state-manager][_update] - Error processing metrics at ./src/stateManager/v6/state-manager.js:368:32","root":"Metric VALUE_CC_COVERAGE not found."}}}}}}
2021-04-07T18:43:17.145Z - error: [state-manager][_update] - Error processing metrics at ./src/stateManager/v6/state-manager.js:368:32
2021-04-07T18:43:17.145Z - error: [state-manager][_get] - Error getting metrics at ./src/stateManager/v6/state-manager.js:167:36
2021-04-07T18:43:17.146Z - error: [guarantees][processScopedGuarantee] - Error processing timedScopes metrics for guarantee: COVERAGE_DELTA_VARIATION_HIGHER_EQUAL_ZERO at ./src/stateManager/v6/guarantee-calculator.js:304:24
2021-04-07T18:43:17.146Z - error: [guarantees][processGuarantee] - Error processing scoped guarantee for: COVERAGE_DELTA_VARIATION_HIGHER_EQUAL_ZERO at ./src/stateManager/v6/guarantee-calculator.js:168:20
2021-04-07T18:43:17.146Z - error: [state-manager][_update] - Error processing guarantees at ./src/stateManager/v6/state-manager.js:333:32
2021-04-07T18:43:17.146Z - error: [state-manager][_get] - Error getting metrics at ./src/stateManager/v6/state-manager.js:167:36
2021-04-07T18:43:17.147Z - error: [promise][_processSequentialPromises] - Error processing sequential promises in controllers at ./src/utils/promise.js:196:20
Error trace: 
	{"code":500,"message":"[state-manager][_get] - Error getting metrics at ./src/stateManager/v6/state-manager.js:167:36","root":{"code":500,"message":"[state-manager][_update] - Error processing guarantees at ./src/stateManager/v6/state-manager.js:333:32","root":{"code":500,"message":"[guarantees][processGuarantee] - Error processing scoped guarantee for: COVERAGE_DELTA_VARIATION_HIGHER_EQUAL_ZERO at ./src/stateManager/v6/guarantee-calculator.js:168:20","root":{"code":500,"message":"[guarantees][processScopedGuarantee] - Error processing timedScopes metrics for guarantee: COVERAGE_DELTA_VARIATION_HIGHER_EQUAL_ZERO at ./src/stateManager/v6/guarantee-calculator.js:304:24","root":{"code":500,"message":"[state-manager][_get] - Error getting metrics at ./src/stateManager/v6/state-manager.js:167:36","root":{"code":500,"message":"[state-manager][_update] - Error processing metrics at ./src/stateManager/v6/state-manager.js:368:32","root":"Metric VALUE_CC_COVERAGE not found."}}}}}}
2021-04-07T18:46:17.246Z - error: [state-manager][_update] - Error processing metrics at ./src/stateManager/v6/state-manager.js:368:32
2021-04-07T18:46:17.247Z - error: [state-manager][_get] - Error getting metrics at ./src/stateManager/v6/state-manager.js:167:36
2021-04-07T18:46:17.247Z - error: [guarantees][processScopedGuarantee] - Error processing timedScopes metrics for guarantee: COVERAGE_DELTA_VARIATION_HIGHER_EQUAL_ZERO at ./src/stateManager/v6/guarantee-calculator.js:304:24
2021-04-07T18:46:17.247Z - error: [guarantees][processGuarantee] - Error processing scoped guarantee for: COVERAGE_DELTA_VARIATION_HIGHER_EQUAL_ZERO at ./src/stateManager/v6/guarantee-calculator.js:168:20
2021-04-07T18:46:17.247Z - error: [state-manager][_update] - Error processing guarantees at ./src/stateManager/v6/state-manager.js:333:32
2021-04-07T18:46:17.248Z - error: [state-manager][_get] - Error getting metrics at ./src/stateManager/v6/state-manager.js:167:36
2021-04-07T18:46:17.248Z - error: [promise][_processSequentialPromises] - Error processing sequential promises in controllers at ./src/utils/promise.js:196:20
Error trace: 
	{"code":500,"message":"[state-manager][_get] - Error getting metrics at ./src/stateManager/v6/state-manager.js:167:36","root":{"code":500,"message":"[state-manager][_update] - Error processing guarantees at ./src/stateManager/v6/state-manager.js:333:32","root":{"code":500,"message":"[guarantees][processGuarantee] - Error processing scoped guarantee for: COVERAGE_DELTA_VARIATION_HIGHER_EQUAL_ZERO at ./src/stateManager/v6/guarantee-calculator.js:168:20","root":{"code":500,"message":"[guarantees][processScopedGuarantee] - Error processing timedScopes metrics for guarantee: COVERAGE_DELTA_VARIATION_HIGHER_EQUAL_ZERO at ./src/stateManager/v6/guarantee-calculator.js:304:24","root":{"code":500,"message":"[state-manager][_get] - Error getting metrics at ./src/stateManager/v6/state-manager.js:167:36","root":{"code":500,"message":"[state-manager][_update] - Error processing metrics at ./src/stateManager/v6/state-manager.js:368:32","root":"Metric VALUE_CC_COVERAGE not found."}}}}}}
2021-04-07T18:49:17.338Z - error: [state-manager][_update] - Error processing metrics at ./src/stateManager/v6/state-manager.js:368:32
2021-04-07T18:49:17.338Z - error: [state-manager][_get] - Error getting metrics at ./src/stateManager/v6/state-manager.js:167:36
2021-04-07T18:49:17.338Z - error: [guarantees][processScopedGuarantee] - Error processing timedScopes metrics for guarantee: COVERAGE_DELTA_VARIATION_HIGHER_EQUAL_ZERO at ./src/stateManager/v6/guarantee-calculator.js:304:24
2021-04-07T18:49:17.339Z - error: [guarantees][processGuarantee] - Error processing scoped guarantee for: COVERAGE_DELTA_VARIATION_HIGHER_EQUAL_ZERO at ./src/stateManager/v6/guarantee-calculator.js:168:20
2021-04-07T18:49:17.339Z - error: [state-manager][_update] - Error processing guarantees at ./src/stateManager/v6/state-manager.js:333:32
2021-04-07T18:49:17.339Z - error: [state-manager][_get] - Error getting metrics at ./src/stateManager/v6/state-manager.js:167:36
2021-04-07T18:49:17.339Z - error: [promise][_processSequentialPromises] - Error processing sequential promises in controllers at ./src/utils/promise.js:196:20
Error trace: 
	{"code":500,"message":"[state-manager][_get] - Error getting metrics at ./src/stateManager/v6/state-manager.js:167:36","root":{"code":500,"message":"[state-manager][_update] - Error processing guarantees at ./src/stateManager/v6/state-manager.js:333:32","root":{"code":500,"message":"[guarantees][processGuarantee] - Error processing scoped guarantee for: COVERAGE_DELTA_VARIATION_HIGHER_EQUAL_ZERO at ./src/stateManager/v6/guarantee-calculator.js:168:20","root":{"code":500,"message":"[guarantees][processScopedGuarantee] - Error processing timedScopes metrics for guarantee: COVERAGE_DELTA_VARIATION_HIGHER_EQUAL_ZERO at ./src/stateManager/v6/guarantee-calculator.js:304:24","root":{"code":500,"message":"[state-manager][_get] - Error getting metrics at ./src/stateManager/v6/state-manager.js:167:36","root":{"code":500,"message":"[state-manager][_update] - Error processing metrics at ./src/stateManager/v6/state-manager.js:368:32","root":"Metric VALUE_CC_COVERAGE not found."}}}}}}
2021-04-07T18:52:17.489Z - error: [state-manager][_update] - Error processing metrics at ./src/stateManager/v6/state-manager.js:368:32
2021-04-07T18:52:17.490Z - error: [state-manager][_get] - Error getting metrics at ./src/stateManager/v6/state-manager.js:167:36
2021-04-07T18:52:17.490Z - error: [guarantees][processScopedGuarantee] - Error processing timedScopes metrics for guarantee: COVERAGE_DELTA_VARIATION_HIGHER_EQUAL_ZERO at ./src/stateManager/v6/guarantee-calculator.js:304:24
2021-04-07T18:52:17.490Z - error: [guarantees][processGuarantee] - Error processing scoped guarantee for: COVERAGE_DELTA_VARIATION_HIGHER_EQUAL_ZERO at ./src/stateManager/v6/guarantee-calculator.js:168:20
2021-04-07T18:52:17.491Z - error: [state-manager][_update] - Error processing guarantees at ./src/stateManager/v6/state-manager.js:333:32
2021-04-07T18:52:17.491Z - error: [state-manager][_get] - Error getting metrics at ./src/stateManager/v6/state-manager.js:167:36
2021-04-07T18:52:17.491Z - error: [promise][_processSequentialPromises] - Error processing sequential promises in controllers at ./src/utils/promise.js:196:20
Error trace: 
	{"code":500,"message":"[state-manager][_get] - Error getting metrics at ./src/stateManager/v6/state-manager.js:167:36","root":{"code":500,"message":"[state-manager][_update] - Error processing guarantees at ./src/stateManager/v6/state-manager.js:333:32","root":{"code":500,"message":"[guarantees][processGuarantee] - Error processing scoped guarantee for: COVERAGE_DELTA_VARIATION_HIGHER_EQUAL_ZERO at ./src/stateManager/v6/guarantee-calculator.js:168:20","root":{"code":500,"message":"[guarantees][processScopedGuarantee] - Error processing timedScopes metrics for guarantee: COVERAGE_DELTA_VARIATION_HIGHER_EQUAL_ZERO at ./src/stateManager/v6/guarantee-calculator.js:304:24","root":{"code":500,"message":"[state-manager][_get] - Error getting metrics at ./src/stateManager/v6/state-manager.js:167:36","root":{"code":500,"message":"[state-manager][_update] - Error processing metrics at ./src/stateManager/v6/state-manager.js:368:32","root":"Metric VALUE_CC_COVERAGE not found."}}}}}}
2021-04-07T18:55:17.652Z - error: [state-manager][_update] - Error processing metrics at ./src/stateManager/v6/state-manager.js:368:32
2021-04-07T18:55:17.652Z - error: [state-manager][_get] - Error getting metrics at ./src/stateManager/v6/state-manager.js:167:36
2021-04-07T18:55:17.652Z - error: [guarantees][processScopedGuarantee] - Error processing timedScopes metrics for guarantee: COVERAGE_DELTA_VARIATION_HIGHER_EQUAL_ZERO at ./src/stateManager/v6/guarantee-calculator.js:304:24
2021-04-07T18:55:17.653Z - error: [guarantees][processGuarantee] - Error processing scoped guarantee for: COVERAGE_DELTA_VARIATION_HIGHER_EQUAL_ZERO at ./src/stateManager/v6/guarantee-calculator.js:168:20
2021-04-07T18:55:17.653Z - error: [state-manager][_update] - Error processing guarantees at ./src/stateManager/v6/state-manager.js:333:32
2021-04-07T18:55:17.653Z - error: [state-manager][_get] - Error getting metrics at ./src/stateManager/v6/state-manager.js:167:36
2021-04-07T18:55:17.653Z - error: [promise][_processSequentialPromises] - Error processing sequential promises in controllers at ./src/utils/promise.js:196:20
Error trace: 
	{"code":500,"message":"[state-manager][_get] - Error getting metrics at ./src/stateManager/v6/state-manager.js:167:36","root":{"code":500,"message":"[state-manager][_update] - Error processing guarantees at ./src/stateManager/v6/state-manager.js:333:32","root":{"code":500,"message":"[guarantees][processGuarantee] - Error processing scoped guarantee for: COVERAGE_DELTA_VARIATION_HIGHER_EQUAL_ZERO at ./src/stateManager/v6/guarantee-calculator.js:168:20","root":{"code":500,"message":"[guarantees][processScopedGuarantee] - Error processing timedScopes metrics for guarantee: COVERAGE_DELTA_VARIATION_HIGHER_EQUAL_ZERO at ./src/stateManager/v6/guarantee-calculator.js:304:24","root":{"code":500,"message":"[state-manager][_get] - Error getting metrics at ./src/stateManager/v6/state-manager.js:167:36","root":{"code":500,"message":"[state-manager][_update] - Error processing metrics at ./src/stateManager/v6/state-manager.js:368:32","root":"Metric VALUE_CC_COVERAGE not found."}}}}}}
2021-04-07T18:58:17.806Z - error: [state-manager][_update] - Error processing metrics at ./src/stateManager/v6/state-manager.js:368:32
2021-04-07T18:58:17.807Z - error: [state-manager][_get] - Error getting metrics at ./src/stateManager/v6/state-manager.js:167:36
2021-04-07T18:58:17.807Z - error: [guarantees][processScopedGuarantee] - Error processing timedScopes metrics for guarantee: COVERAGE_DELTA_VARIATION_HIGHER_EQUAL_ZERO at ./src/stateManager/v6/guarantee-calculator.js:304:24
2021-04-07T18:58:17.807Z - error: [guarantees][processGuarantee] - Error processing scoped guarantee for: COVERAGE_DELTA_VARIATION_HIGHER_EQUAL_ZERO at ./src/stateManager/v6/guarantee-calculator.js:168:20
2021-04-07T18:58:17.808Z - error: [state-manager][_update] - Error processing guarantees at ./src/stateManager/v6/state-manager.js:333:32
2021-04-07T18:58:17.808Z - error: [state-manager][_get] - Error getting metrics at ./src/stateManager/v6/state-manager.js:167:36
2021-04-07T18:58:17.808Z - error: [promise][_processSequentialPromises] - Error processing sequential promises in controllers at ./src/utils/promise.js:196:20
Error trace: 
	{"code":500,"message":"[state-manager][_get] - Error getting metrics at ./src/stateManager/v6/state-manager.js:167:36","root":{"code":500,"message":"[state-manager][_update] - Error processing guarantees at ./src/stateManager/v6/state-manager.js:333:32","root":{"code":500,"message":"[guarantees][processGuarantee] - Error processing scoped guarantee for: COVERAGE_DELTA_VARIATION_HIGHER_EQUAL_ZERO at ./src/stateManager/v6/guarantee-calculator.js:168:20","root":{"code":500,"message":"[guarantees][processScopedGuarantee] - Error processing timedScopes metrics for guarantee: COVERAGE_DELTA_VARIATION_HIGHER_EQUAL_ZERO at ./src/stateManager/v6/guarantee-calculator.js:304:24","root":{"code":500,"message":"[state-manager][_get] - Error getting metrics at ./src/stateManager/v6/state-manager.js:167:36","root":{"code":500,"message":"[state-manager][_update] - Error processing metrics at ./src/stateManager/v6/state-manager.js:368:32","root":"Metric VALUE_CC_COVERAGE not found."}}}}}}
2021-04-07T19:01:17.927Z - error: [state-manager][_update] - Error processing metrics at ./src/stateManager/v6/state-manager.js:368:32
2021-04-07T19:01:17.927Z - error: [state-manager][_get] - Error getting metrics at ./src/stateManager/v6/state-manager.js:167:36
2021-04-07T19:01:17.927Z - error: [guarantees][processScopedGuarantee] - Error processing timedScopes metrics for guarantee: COVERAGE_DELTA_VARIATION_HIGHER_EQUAL_ZERO at ./src/stateManager/v6/guarantee-calculator.js:304:24
2021-04-07T19:01:17.928Z - error: [guarantees][processGuarantee] - Error processing scoped guarantee for: COVERAGE_DELTA_VARIATION_HIGHER_EQUAL_ZERO at ./src/stateManager/v6/guarantee-calculator.js:168:20
2021-04-07T19:01:17.928Z - error: [state-manager][_update] - Error processing guarantees at ./src/stateManager/v6/state-manager.js:333:32
2021-04-07T19:01:17.928Z - error: [state-manager][_get] - Error getting metrics at ./src/stateManager/v6/state-manager.js:167:36
2021-04-07T19:01:17.928Z - error: [promise][_processSequentialPromises] - Error processing sequential promises in controllers at ./src/utils/promise.js:196:20
Error trace: 
	{"code":500,"message":"[state-manager][_get] - Error getting metrics at ./src/stateManager/v6/state-manager.js:167:36","root":{"code":500,"message":"[state-manager][_update] - Error processing guarantees at ./src/stateManager/v6/state-manager.js:333:32","root":{"code":500,"message":"[guarantees][processGuarantee] - Error processing scoped guarantee for: COVERAGE_DELTA_VARIATION_HIGHER_EQUAL_ZERO at ./src/stateManager/v6/guarantee-calculator.js:168:20","root":{"code":500,"message":"[guarantees][processScopedGuarantee] - Error processing timedScopes metrics for guarantee: COVERAGE_DELTA_VARIATION_HIGHER_EQUAL_ZERO at ./src/stateManager/v6/guarantee-calculator.js:304:24","root":{"code":500,"message":"[state-manager][_get] - Error getting metrics at ./src/stateManager/v6/state-manager.js:167:36","root":{"code":500,"message":"[state-manager][_update] - Error processing metrics at ./src/stateManager/v6/state-manager.js:368:32","root":"Metric VALUE_CC_COVERAGE not found."}}}}}}
